<?xml version="1.0" encoding="UTF-8"?>
<testsuite xmlns:xsi="http://www.w3.org/2001/XMLSchema-instance" xsi:noNamespaceSchemaLocation="https://maven.apache.org/surefire/maven-surefire-plugin/xsd/surefire-test-report-3.0.xsd" version="3.0" name="runners.Runners" time="60.427" tests="2" errors="0" skipped="0" failures="1">
  <properties>
[...]
</properties>
  <testcase name="Criar tarefa" classname="CriarTarefa" time="25.456">
    <system-out><![CDATA[
Scenario: Criar tarefa                            &amp#27;[90m# src/test/resources/features/CriarTarefa.feature:3&amp#27;[0m
  &amp#27;[32mGiven &amp#27;[0m&amp#27;[32mque estou na tela principal&amp#27;[0m               &amp#27;[90m# stepDefinitions.CriarTarefaStep.que_estou_na_tela_principal()&amp#27;[0m
  &amp#27;[32mWhen &amp#27;[0m&amp#27;[32mclicar em Criar Tarefa&amp#27;[0m                     &amp#27;[90m# stepDefinitions.CriarTarefaStep.clicar_em_criar_tarefa()&amp#27;[0m
  &amp#27;[32mAnd &amp#27;[0m&amp#27;[32mpreencher todos os campos&amp#27;[0m                   &amp#27;[90m# stepDefinitions.CriarTarefaStep.preencher_todos_os_campos()&amp#27;[0m
  &amp#27;[32mThen &amp#27;[0m&amp#27;[32ma tarefa sera salva na tela de Ver Tarefas&amp#27;[0m &amp#27;[90m# stepDefinitions.CriarTarefaStep.a_tarefa_sera_salva_na_tela_de_ver_tarefas()&amp#27;[0m
]]></system-out>
    <system-err><![CDATA[SLF4J(W): No SLF4J providers were found.
SLF4J(W): Defaulting to no-operation (NOP) logger implementation
SLF4J(W): See https://www.slf4j.org/codes.html#noProviders for further details.
jul. 12, 2024 12:22:12 PM org.openqa.selenium.devtools.CdpVersionFinder findNearestMatch
WARNING: Unable to find CDP implementation matching 126
jul. 12, 2024 12:22:12 PM org.openqa.selenium.chromium.ChromiumDriver lambda$new$5
WARNING: Unable to find version of CDP to use for 126.0.6478.127. You may need to include a dependency on a specific version of the CDP using something similar to `org.seleniumhq.selenium:selenium-devtools-v86:4.16.0` where the version ("v86") matches the version of the chromium-based browser you're using and the version number of the artifact is the same as Selenium's.
]]></system-err>
  </testcase>
  <testcase name="Adicionar Comentário na tarefa" classname="EditarTarefa" time="34.512">
    <failure message="Elemento nÃ£o encontrado dentro do tempo esperado: By.xpath: //td[@class=&apos;bugnote-note bugnote-public&apos; and contains(.,&apos;Bug acontece todo santo dia&apos;)], erro: org.openqa.selenium.TimeoutException: Expected condition failed: waiting for visibility of element located by By.xpath: //td[@class=&apos;bugnote-note bugnote-public&apos; and contains(.,&apos;Bug acontece todo santo dia&apos;)] (tried for 10 second(s) with 500 milliseconds interval)&#10;Build info: version: &apos;4.16.0&apos;, revision: &apos;15400459dd*&apos;&#10;System info: os.name: &apos;Windows 11&apos;, os.arch: &apos;amd64&apos;, os.version: &apos;10.0&apos;, java.version: &apos;17.0.10&apos;&#10;Driver info: org.openqa.selenium.chrome.ChromeDriver&#10;Capabilities {acceptInsecureCerts: false, browserName: chrome, browserVersion: 126.0.6478.127, chrome: {chromedriverVersion: 126.0.6478.126 (d36ace6122e..., userDataDir: C:\Users\paulo\AppData\Loca...}, fedcm:accounts: true, goog:chromeOptions: {debuggerAddress: localhost:55217}, networkConnectionEnabled: false, pageLoadStrategy: normal, platformName: windows, proxy: Proxy(), se:cdp: ws://localhost:55217/devtoo..., se:cdpVersion: 126.0.6478.127, setWindowRect: true, strictFileInteractability: false, timeouts: {implicit: 0, pageLoad: 300000, script: 30000}, unhandledPromptBehavior: dismiss and notify, webauthn:extension:credBlob: true, webauthn:extension:largeBlob: true, webauthn:extension:minPinLength: true, webauthn:extension:prf: true, webauthn:virtualAuthenticators: true}&#10;Session ID: 21c17cca349b5d0f7ecd4520df937af2" type="java.lang.AssertionError"><![CDATA[java.lang.AssertionError: 
Elemento nÃ£o encontrado dentro do tempo esperado: By.xpath: //td[@class='bugnote-note bugnote-public' and contains(.,'Bug acontece todo santo dia')], erro: org.openqa.selenium.TimeoutException: Expected condition failed: waiting for visibility of element located by By.xpath: //td[@class='bugnote-note bugnote-public' and contains(.,'Bug acontece todo santo dia')] (tried for 10 second(s) with 500 milliseconds interval)
Build info: version: '4.16.0', revision: '15400459dd*'
System info: os.name: 'Windows 11', os.arch: 'amd64', os.version: '10.0', java.version: '17.0.10'
Driver info: org.openqa.selenium.chrome.ChromeDriver
Capabilities {acceptInsecureCerts: false, browserName: chrome, browserVersion: 126.0.6478.127, chrome: {chromedriverVersion: 126.0.6478.126 (d36ace6122e..., userDataDir: C:\Users\paulo\AppData\Loca...}, fedcm:accounts: true, goog:chromeOptions: {debuggerAddress: localhost:55217}, networkConnectionEnabled: false, pageLoadStrategy: normal, platformName: windows, proxy: Proxy(), se:cdp: ws://localhost:55217/devtoo..., se:cdpVersion: 126.0.6478.127, setWindowRect: true, strictFileInteractability: false, timeouts: {implicit: 0, pageLoad: 300000, script: 30000}, unhandledPromptBehavior: dismiss and notify, webauthn:extension:credBlob: true, webauthn:extension:largeBlob: true, webauthn:extension:minPinLength: true, webauthn:extension:prf: true, webauthn:virtualAuthenticators: true}
Session ID: 21c17cca349b5d0f7ecd4520df937af2
	at org.junit.Assert.fail(Assert.java:89)
	at com.base2.utils.SeleniumUtils.esperarElementoVisivel(SeleniumUtils.java:30)
	at com.base2.page.VerTarefaPage.verificarComentarioExiste(VerTarefaPage.java:57)
	at stepDefinitions.EditarTarefaSteps.a_tarefa_salva_a_anotacao(EditarTarefaSteps.java:69)
	at ✽.a tarefa salva a anotacao "Bug acontece todo santo dia"(file:///C:/Users/paulo/OneDrive/Automation/ProvaBaseDois/prova/src/test/resources/features/EditarTarefa.feature:9)
]]></failure>
    <system-out><![CDATA[
Scenario Outline: Adicionar ComentÃ¡rio na tarefa               &amp#27;[90m# src/test/resources/features/EditarTarefa.feature:13&amp#27;[0m
  &amp#27;[32mGiven &amp#27;[0m&amp#27;[32mque estou na tela de Ver Tarefa&amp#27;[0m                        &amp#27;[90m# stepDefinitions.EditarTarefaSteps.que_estou_na_tela_de_ver_tarefa()&amp#27;[0m
  &amp#27;[32mWhen &amp#27;[0m&amp#27;[32mclicar no codigo da Tarefa&amp#27;[0m                              &amp#27;[90m# stepDefinitions.EditarTarefaSteps.clicar_no_codigo_da_tarefa()&amp#27;[0m
  &amp#27;[32mAnd &amp#27;[0m&amp#27;[32mpreencho uma anotacao &amp#27;[0m&amp#27;[32m&amp#27;[1m"Bug acontece todo santo dia"&amp#27;[0m      &amp#27;[90m# stepDefinitions.EditarTarefaSteps.preencho_uma_anotacao(java.lang.String)&amp#27;[0m
  &amp#27;[32mAnd &amp#27;[0m&amp#27;[32madiciono um arquivo&amp#27;[0m                                      &amp#27;[90m# stepDefinitions.EditarTarefaSteps.adiciono_um_arquivo()&amp#27;[0m
  &amp#27;[32mAnd &amp#27;[0m&amp#27;[32mclico no botao de Adicionar Anotacao&amp#27;[0m                     &amp#27;[90m# stepDefinitions.EditarTarefaSteps.clico_no_botao_de_adicionar_anotacao()&amp#27;[0m
  &amp#27;[31mThen &amp#27;[0m&amp#27;[31ma tarefa salva a anotacao &amp#27;[0m&amp#27;[31m&amp#27;[1m"Bug acontece todo santo dia"&amp#27;[0m &amp#27;[90m# stepDefinitions.EditarTarefaSteps.a_tarefa_salva_a_anotacao(java.lang.String)&amp#27;[0m
      &amp#27;[31mjava.lang.AssertionError: Elemento nÃƒÂ£o encontrado dentro do tempo esperado: By.xpath: //td[@class='bugnote-note bugnote-public' and contains(.,'Bug acontece todo santo dia')], erro: org.openqa.selenium.TimeoutException: Expected condition failed: waiting for visibility of element located by By.xpath: //td[@class='bugnote-note bugnote-public' and contains(.,'Bug acontece todo santo dia')] (tried for 10 second(s) with 500 milliseconds interval)
Build info: version: '4.16.0', revision: '15400459dd*'
System info: os.name: 'Windows 11', os.arch: 'amd64', os.version: '10.0', java.version: '17.0.10'
Driver info: org.openqa.selenium.chrome.ChromeDriver
Capabilities {acceptInsecureCerts: false, browserName: chrome, browserVersion: 126.0.6478.127, chrome: {chromedriverVersion: 126.0.6478.126 (d36ace6122e..., userDataDir: C:\Users\paulo\AppData\Loca...}, fedcm:accounts: true, goog:chromeOptions: {debuggerAddress: localhost:55217}, networkConnectionEnabled: false, pageLoadStrategy: normal, platformName: windows, proxy: Proxy(), se:cdp: ws://localhost:55217/devtoo..., se:cdpVersion: 126.0.6478.127, setWindowRect: true, strictFileInteractability: false, timeouts: {implicit: 0, pageLoad: 300000, script: 30000}, unhandledPromptBehavior: dismiss and notify, webauthn:extension:credBlob: true, webauthn:extension:largeBlob: true, webauthn:extension:minPinLength: true, webauthn:extension:prf: true, webauthn:virtualAuthenticators: true}
Session ID: 21c17cca349b5d0f7ecd4520df937af2
	at org.junit.Assert.fail(Assert.java:89)
	at com.base2.utils.SeleniumUtils.esperarElementoVisivel(SeleniumUtils.java:30)
	at com.base2.page.VerTarefaPage.verificarComentarioExiste(VerTarefaPage.java:57)
	at stepDefinitions.EditarTarefaSteps.a_tarefa_salva_a_anotacao(EditarTarefaSteps.java:69)
	at âœ½.a tarefa salva a anotacao "Bug acontece todo santo dia"(file:///C:/Users/paulo/OneDrive/Automation/ProvaBaseDois/prova/src/test/resources/features/EditarTarefa.feature:9)
&amp#27;[0m
]]></system-out>
    <system-err><![CDATA[jul. 12, 2024 12:22:36 PM org.openqa.selenium.devtools.CdpVersionFinder findNearestMatch
WARNING: Unable to find CDP implementation matching 126
jul. 12, 2024 12:22:36 PM org.openqa.selenium.chromium.ChromiumDriver lambda$new$5
WARNING: Unable to find version of CDP to use for 126.0.6478.127. You may need to include a dependency on a specific version of the CDP using something similar to `org.seleniumhq.selenium:selenium-devtools-v86:4.16.0` where the version ("v86") matches the version of the chromium-based browser you're using and the version number of the artifact is the same as Selenium's.
]]></system-err>
  </testcase>
</testsuite>