<?xml version="1.0" encoding="UTF-8"?>
<testsuite xmlns:xsi="http://www.w3.org/2001/XMLSchema-instance" xsi:noNamespaceSchemaLocation="https://maven.apache.org/surefire/maven-surefire-plugin/xsd/surefire-test-report-3.0.xsd" version="3.0" name="runners.Runners" time="86.058" tests="2" errors="0" skipped="0" failures="1">
  <properties>
[...]
</properties>
  <testcase name="Quero Ler o primeiro capitulo" classname="LerObra" time="13.629">
    <system-out><![CDATA[
Scenario: Quero Ler o primeiro capitulo                                            &amp#27;[90m# src/test/resources/features/LerObra.feature:3&amp#27;[0m
  &amp#27;[32mGiven &amp#27;[0m&amp#27;[32mQue estou na pagina da obra &amp#27;[0m&amp#27;[32m&amp#27;[1m"O rei dos cavaleiros que Retorna com um Deus"&amp#27;[0m &amp#27;[90m# stepDefinitions.LerObraSteps.que_estou_na_pagina_da_obra(java.lang.String)&amp#27;[0m
  &amp#27;[32mWhen &amp#27;[0m&amp#27;[32mclicar em iniciar leitura&amp#27;[0m                                                   &amp#27;[90m# stepDefinitions.LerObraSteps.clicar_em_iniciar_leitura()&amp#27;[0m
  &amp#27;[32mThen &amp#27;[0m&amp#27;[32mAcesso o primeiro capitulo da obra&amp#27;[0m                                          &amp#27;[90m# stepDefinitions.LerObraSteps.acesso_o_primeiro_capitulo_da_obra()&amp#27;[0m
]]></system-out>
    <system-err><![CDATA[SLF4J(W): No SLF4J providers were found.
SLF4J(W): Defaulting to no-operation (NOP) logger implementation
SLF4J(W): See https://www.slf4j.org/codes.html#noProviders for further details.
SLF4J(W): Class path contains SLF4J bindings targeting slf4j-api versions 1.7.x or earlier.
SLF4J(W): Ignoring binding found at [jar:file:/C:/Users/paulo/.m2/repository/org/slf4j/slf4j-simple/1.7.32/slf4j-simple-1.7.32.jar!/org/slf4j/impl/StaticLoggerBinder.class]
SLF4J(W): See https://www.slf4j.org/codes.html#ignoredBindings for an explanation.
jul. 22, 2024 1:53:52 PM org.openqa.selenium.devtools.CdpVersionFinder findNearestMatch
WARNING: Unable to find CDP implementation matching 126
jul. 22, 2024 1:53:52 PM org.openqa.selenium.chromium.ChromiumDriver lambda$new$5
WARNING: Unable to find version of CDP to use for 126.0.6478.128. You may need to include a dependency on a specific version of the CDP using something similar to `org.seleniumhq.selenium:selenium-devtools-v86:4.16.0` where the version ("v86") matches the version of the chromium-based browser you're using and the version number of the artifact is the same as Selenium's.
]]></system-err>
  </testcase>
  <testcase name="Pesquisar o manga &quot;O rei dos cavaleiros que Retorna com um Deus&quot;" classname="Pesquisar" time="71.935">
    <failure message="Elemento nÃ£o encontrado dentro do tempo esperado: By.cssSelector: [aria-label=&apos;Pesquisar por mangÃ¡s&apos;], erro: org.openqa.selenium.TimeoutException: Expected condition failed: waiting for visibility of element located by By.cssSelector: [aria-label=&apos;Pesquisar por mangÃ¡s&apos;] (tried for 20 second(s) with 500 milliseconds interval)&#10;Build info: version: &apos;4.16.0&apos;, revision: &apos;15400459dd*&apos;&#10;System info: os.name: &apos;Windows 11&apos;, os.arch: &apos;amd64&apos;, os.version: &apos;10.0&apos;, java.version: &apos;17.0.10&apos;&#10;Driver info: org.openqa.selenium.chrome.ChromeDriver&#10;Capabilities {acceptInsecureCerts: false, browserName: chrome-headless-shell, browserVersion: 126.0.6478.128, chrome: {chromedriverVersion: 126.0.6478.182 (5b5d8292ddf..., userDataDir: C:\Users\paulo\AppData\Loca...}, fedcm:accounts: true, goog:chromeOptions: {debuggerAddress: localhost:58091}, networkConnectionEnabled: false, pageLoadStrategy: normal, platformName: windows, proxy: Proxy(), se:cdp: ws://localhost:58091/devtoo..., se:cdpVersion: 126.0.6478.128, setWindowRect: true, strictFileInteractability: false, timeouts: {implicit: 0, pageLoad: 300000, script: 30000}, unhandledPromptBehavior: dismiss and notify, webauthn:extension:credBlob: true, webauthn:extension:largeBlob: true, webauthn:extension:minPinLength: true, webauthn:extension:prf: true, webauthn:virtualAuthenticators: true}&#10;Session ID: 75237d9019cb2279c9e79fe48e1ff4de" type="java.lang.AssertionError"><![CDATA[java.lang.AssertionError: 
Elemento nÃ£o encontrado dentro do tempo esperado: By.cssSelector: [aria-label='Pesquisar por mangÃ¡s'], erro: org.openqa.selenium.TimeoutException: Expected condition failed: waiting for visibility of element located by By.cssSelector: [aria-label='Pesquisar por mangÃ¡s'] (tried for 20 second(s) with 500 milliseconds interval)
Build info: version: '4.16.0', revision: '15400459dd*'
System info: os.name: 'Windows 11', os.arch: 'amd64', os.version: '10.0', java.version: '17.0.10'
Driver info: org.openqa.selenium.chrome.ChromeDriver
Capabilities {acceptInsecureCerts: false, browserName: chrome-headless-shell, browserVersion: 126.0.6478.128, chrome: {chromedriverVersion: 126.0.6478.182 (5b5d8292ddf..., userDataDir: C:\Users\paulo\AppData\Loca...}, fedcm:accounts: true, goog:chromeOptions: {debuggerAddress: localhost:58091}, networkConnectionEnabled: false, pageLoadStrategy: normal, platformName: windows, proxy: Proxy(), se:cdp: ws://localhost:58091/devtoo..., se:cdpVersion: 126.0.6478.128, setWindowRect: true, strictFileInteractability: false, timeouts: {implicit: 0, pageLoad: 300000, script: 30000}, unhandledPromptBehavior: dismiss and notify, webauthn:extension:credBlob: true, webauthn:extension:largeBlob: true, webauthn:extension:minPinLength: true, webauthn:extension:prf: true, webauthn:virtualAuthenticators: true}
Session ID: 75237d9019cb2279c9e79fe48e1ff4de
	at org.junit.Assert.fail(Assert.java:89)
	at com.utils.SeleniumUtils.mensagemDeFalhaStep(SeleniumUtils.java:137)
	at com.utils.SeleniumUtils.esperarElementoVisivel(SeleniumUtils.java:44)
	at com.utils.SeleniumUtils.clicar(SeleniumUtils.java:104)
	at com.page.HomePage.clicarBotaoPesquisa(HomePage.java:28)
	at stepDefinitions.PesquisaSteps.pesquisar_o_nome_do_manhwa_ou_manga(PesquisaSteps.java:42)
	at ✽.Pesquisar o nome do Manhwa ou manga(file:///C:/Users/paulo/OneDrive/Automation/ProvaBaseDois/prova/src/test/resources/features/Pesquisar.feature:5)
]]></failure>
    <system-out><![CDATA[
Scenario: Pesquisar o manga "O rei dos cavaleiros que Retorna com um Deus" &amp#27;[90m# src/test/resources/features/Pesquisar.feature:3&amp#27;[0m
  &amp#27;[32mGiven &amp#27;[0m&amp#27;[32mQue estou na tela principal&amp#27;[0m                                        &amp#27;[90m# stepDefinitions.PesquisaSteps.que_estou_na_tela_principal()&amp#27;[0m
  &amp#27;[31mWhen &amp#27;[0m&amp#27;[31mPesquisar o nome do Manhwa ou manga&amp#27;[0m                                 &amp#27;[90m# stepDefinitions.PesquisaSteps.pesquisar_o_nome_do_manhwa_ou_manga()&amp#27;[0m
      &amp#27;[31mjava.lang.AssertionError: Elemento nÃƒÂ£o encontrado dentro do tempo esperado: By.cssSelector: [aria-label='Pesquisar por mangÃƒÂ¡s'], erro: org.openqa.selenium.TimeoutException: Expected condition failed: waiting for visibility of element located by By.cssSelector: [aria-label='Pesquisar por mangÃƒÂ¡s'] (tried for 20 second(s) with 500 milliseconds interval)
Build info: version: '4.16.0', revision: '15400459dd*'
System info: os.name: 'Windows 11', os.arch: 'amd64', os.version: '10.0', java.version: '17.0.10'
Driver info: org.openqa.selenium.chrome.ChromeDriver
Capabilities {acceptInsecureCerts: false, browserName: chrome-headless-shell, browserVersion: 126.0.6478.128, chrome: {chromedriverVersion: 126.0.6478.182 (5b5d8292ddf..., userDataDir: C:\Users\paulo\AppData\Loca...}, fedcm:accounts: true, goog:chromeOptions: {debuggerAddress: localhost:58091}, networkConnectionEnabled: false, pageLoadStrategy: normal, platformName: windows, proxy: Proxy(), se:cdp: ws://localhost:58091/devtoo..., se:cdpVersion: 126.0.6478.128, setWindowRect: true, strictFileInteractability: false, timeouts: {implicit: 0, pageLoad: 300000, script: 30000}, unhandledPromptBehavior: dismiss and notify, webauthn:extension:credBlob: true, webauthn:extension:largeBlob: true, webauthn:extension:minPinLength: true, webauthn:extension:prf: true, webauthn:virtualAuthenticators: true}
Session ID: 75237d9019cb2279c9e79fe48e1ff4de
	at org.junit.Assert.fail(Assert.java:89)
	at com.utils.SeleniumUtils.mensagemDeFalhaStep(SeleniumUtils.java:137)
	at com.utils.SeleniumUtils.esperarElementoVisivel(SeleniumUtils.java:44)
	at com.utils.SeleniumUtils.clicar(SeleniumUtils.java:104)
	at com.page.HomePage.clicarBotaoPesquisa(HomePage.java:28)
	at stepDefinitions.PesquisaSteps.pesquisar_o_nome_do_manhwa_ou_manga(PesquisaSteps.java:42)
	at âœ½.Pesquisar o nome do Manhwa ou manga(file:///C:/Users/paulo/OneDrive/Automation/ProvaBaseDois/prova/src/test/resources/features/Pesquisar.feature:5)
&amp#27;[0m
  &amp#27;[36mAnd &amp#27;[0m&amp#27;[36mclicar no resultado da pesquisa&amp#27;[0m                                      &amp#27;[90m# stepDefinitions.PesquisaSteps.clicar_no_resultado_da_pesquisa()&amp#27;[0m
  &amp#27;[36mThen &amp#27;[0m&amp#27;[36mSou redirecionado para pagina com os capitulos&amp#27;[0m                      &amp#27;[90m# stepDefinitions.PesquisaSteps.sou_redirecionado_para_pagina_com_os_capitulos()&amp#27;[0m
]]></system-out>
    <system-err><![CDATA[jul. 22, 2024 1:54:05 PM org.openqa.selenium.devtools.CdpVersionFinder findNearestMatch
WARNING: Unable to find CDP implementation matching 126
jul. 22, 2024 1:54:05 PM org.openqa.selenium.chromium.ChromiumDriver lambda$new$5
WARNING: Unable to find version of CDP to use for 126.0.6478.128. You may need to include a dependency on a specific version of the CDP using something similar to `org.seleniumhq.selenium:selenium-devtools-v86:4.16.0` where the version ("v86") matches the version of the chromium-based browser you're using and the version number of the artifact is the same as Selenium's.
]]></system-err>
  </testcase>
</testsuite>